<?xml version="1.0" encoding="UTF-8" ?>
<testsuite failures="0" time="0.145" errors="0" skipped="0" tests="3" name="DijkstraTest">
  <properties>
    <property name="java.runtime.name" value="Java(TM) SE Runtime Environment"/>
    <property name="sun.boot.library.path" value="C:\Program Files\Java\jdk1.6.0_26\jre\bin"/>
    <property name="java.vm.version" value="20.1-b02"/>
    <property name="java.vm.vendor" value="Sun Microsystems Inc."/>
    <property name="java.vendor.url" value="http://java.sun.com/"/>
    <property name="path.separator" value=";"/>
    <property name="java.vm.name" value="Java HotSpot(TM) 64-Bit Server VM"/>
    <property name="file.encoding.pkg" value="sun.io"/>
    <property name="user.country" value="AU"/>
    <property name="sun.java.launcher" value="SUN_STANDARD"/>
    <property name="sun.os.patch.level" value="Service Pack 1"/>
    <property name="java.vm.specification.name" value="Java Virtual Machine Specification"/>
    <property name="user.dir" value="C:\hobby\j"/>
    <property name="java.runtime.version" value="1.6.0_26-b03"/>
    <property name="java.awt.graphicsenv" value="sun.awt.Win32GraphicsEnvironment"/>
    <property name="basedir" value="C:\hobby\j"/>
    <property name="java.endorsed.dirs" value="C:\Program Files\Java\jdk1.6.0_26\jre\lib\endorsed"/>
    <property name="os.arch" value="amd64"/>
    <property name="surefire.real.class.path" value="C:\hobby\j\target\surefire\surefirebooter4446649345679300054.jar"/>
    <property name="java.io.tmpdir" value="C:\Users\chris\AppData\Local\Temp\"/>
    <property name="line.separator" value="
"/>
    <property name="java.vm.specification.vendor" value="Sun Microsystems Inc."/>
    <property name="user.variant" value=""/>
    <property name="os.name" value="Windows 7"/>
    <property name="sun.jnu.encoding" value="Cp1252"/>
    <property name="java.library.path" value="C:\Program Files\Java\jdk1.6.0_26\jre\bin;C:\Windows\Sun\Java\bin;C:\Windows\system32;C:\Windows;C:\Program Files (x86)\Yaws-1.94\bin;C:\Program Files\Common Files\Microsoft Shared\Windows Live;C:\Program Files (x86)\Common Files\Microsoft Shared\Windows Live;C:\Program Files (x86)\NVIDIA Corporation\PhysX\Common;C:\Windows\system32;C:\Windows;C:\Windows\System32\Wbem;C:\Windows\System32\WindowsPowerShell\v1.0\;C:\Program Files\Dell\DW WLAN Card;c:\Program Files\WIDCOMM\Bluetooth Software\;c:\Program Files\WIDCOMM\Bluetooth Software\syswow64;C:\Program Files (x86)\Mercurial\;C:\Program Files\TortoiseSVN\bin;c:\Program Files (x86)\Microsoft SQL Server\90\Tools\binn\;c:\program files\play\;C:\Program Files\scala-2.8.0.final\bin;C:\Program Files (x86)\TortoiseHg\;C:\Program Files (x86)\Windows Live\Shared;C:\Program Files (x86)\PuTTY;C:\Program Files\Windows Imaging\;C:\Program Files (x86)\maven\bin;c:\Program Files (x86)\Microsoft SQL Server\100\Tools\Binn\VSShell\Common7\IDE\;c:\Program Files (x86)\Microsoft SQL Server\100\Tools\Binn\;c:\Program Files\Microsoft SQL Server\100\Tools\Binn\;c:\Program Files (x86)\Microsoft SQL Server\100\DTS\Binn\;C:\Program Files (x86)\CMake 2.6\bin;C:\Program Files (x86)\Git\bin;C:\lang\Python27;C:\Program Files (x86)\CMake 2.8\bin;C:\Program Files\TortoiseHg;C:\Program Files (x86)\Maven\apache-maven-3.0.3\bin;C:\Program Files (x86)\MongoDB\mongodb-win32-x86_64-1.8.2\bin;C:\Program Files (x86)\Vim\vim73;C:\Program Files (x86)\PuTTY;C:\Users\chris\.cabal\bin;C:\MinGW\bin;C:\lang\rhino1_7R3;C:\lib;C:\lang;C:\Program Files (x86)\QuickTime\QTSystem\;C:\lang\clojurescript\bin;C:\lang\emacs-23.4\bin;C:\Program Files (x86)\Mumble;C:\lib\apache-ant-1.8.3\bin;C:\Program Files\TortoiseSVN\bin;C:\Program Files\SlikSvn\bin;C:\Program Files\Microsoft Windows Performance Toolkit\;C:\Program Files (x86)\Heroku\bin;C:\Program Files (x86)\ruby-1.9.3\bin;C:\Program Files (x86)\git\bin;C:\Program Files (x86)\git\cmd;C:\Program Files\erl5.9.1\bin;C:\Users\chris\AppData\Local\Android\android-sdk\platform-tools;C:\Program Files (x86)\sbt;\lib\google_appengine;C:\Users\chris\AppData\Roaming\cabal\bin;C:\Program Files\TortoiseSVN\bin;C:\Program Files\SlikSvn\bin;C:\Program Files\Java\jdk1.6.0_26\bin;C:\lib\Asprise;C:\Program Files (x86)\nodejs;."/>
    <property name="surefire.test.class.path" value="C:\hobby\j\target\test-classes;C:\hobby\j\target\classes;C:\Users\chris\.m2\repository\javax\servlet\servlet-api\2.5\servlet-api-2.5.jar;C:\Users\chris\.m2\repository\junit\junit\4.8.1\junit-4.8.1.jar;C:\Users\chris\.m2\repository\com\carrotsearch\junit-benchmarks\0.4.0\junit-benchmarks-0.4.0.jar;C:\Users\chris\.m2\repository\com\google\appengine\appengine-api-1.0-sdk\1.7.4\appengine-api-1.0-sdk-1.7.4.jar;C:\Users\chris\.m2\repository\com\google\appengine\appengine-api-labs\1.7.4\appengine-api-labs-1.7.4.jar;C:\Users\chris\.m2\repository\com\google\appengine\appengine-api-stubs\1.7.4\appengine-api-stubs-1.7.4.jar;C:\Users\chris\.m2\repository\com\google\appengine\appengine-testing\1.7.4\appengine-testing-1.7.4.jar;"/>
    <property name="java.specification.name" value="Java Platform API Specification"/>
    <property name="java.class.version" value="50.0"/>
    <property name="sun.management.compiler" value="HotSpot 64-Bit Tiered Compilers"/>
    <property name="os.version" value="6.1"/>
    <property name="user.home" value="C:\Users\chris"/>
    <property name="user.timezone" value=""/>
    <property name="java.awt.printerjob" value="sun.awt.windows.WPrinterJob"/>
    <property name="java.specification.version" value="1.6"/>
    <property name="file.encoding" value="Cp1252"/>
    <property name="user.name" value="chris"/>
    <property name="java.class.path" value="C:\hobby\j\target\test-classes;C:\hobby\j\target\classes;C:\Users\chris\.m2\repository\javax\servlet\servlet-api\2.5\servlet-api-2.5.jar;C:\Users\chris\.m2\repository\junit\junit\4.8.1\junit-4.8.1.jar;C:\Users\chris\.m2\repository\com\carrotsearch\junit-benchmarks\0.4.0\junit-benchmarks-0.4.0.jar;C:\Users\chris\.m2\repository\com\google\appengine\appengine-api-1.0-sdk\1.7.4\appengine-api-1.0-sdk-1.7.4.jar;C:\Users\chris\.m2\repository\com\google\appengine\appengine-api-labs\1.7.4\appengine-api-labs-1.7.4.jar;C:\Users\chris\.m2\repository\com\google\appengine\appengine-api-stubs\1.7.4\appengine-api-stubs-1.7.4.jar;C:\Users\chris\.m2\repository\com\google\appengine\appengine-testing\1.7.4\appengine-testing-1.7.4.jar;"/>
    <property name="java.vm.specification.version" value="1.0"/>
    <property name="sun.arch.data.model" value="64"/>
    <property name="java.home" value="C:\Program Files\Java\jdk1.6.0_26\jre"/>
    <property name="sun.java.command" value="C:\hobby\j\target\surefire\surefirebooter4446649345679300054.jar C:\hobby\j\target\surefire\surefire8243335587773604503tmp C:\hobby\j\target\surefire\surefire2788341505610047486tmp"/>
    <property name="java.specification.vendor" value="Sun Microsystems Inc."/>
    <property name="user.language" value="en"/>
    <property name="awt.toolkit" value="sun.awt.windows.WToolkit"/>
    <property name="java.vm.info" value="mixed mode"/>
    <property name="java.version" value="1.6.0_26"/>
    <property name="java.ext.dirs" value="C:\Program Files\Java\jdk1.6.0_26\jre\lib\ext;C:\Windows\Sun\Java\lib\ext"/>
    <property name="sun.boot.class.path" value="C:\Program Files\Java\jdk1.6.0_26\jre\lib\resources.jar;C:\Program Files\Java\jdk1.6.0_26\jre\lib\rt.jar;C:\Program Files\Java\jdk1.6.0_26\jre\lib\sunrsasign.jar;C:\Program Files\Java\jdk1.6.0_26\jre\lib\jsse.jar;C:\Program Files\Java\jdk1.6.0_26\jre\lib\jce.jar;C:\Program Files\Java\jdk1.6.0_26\jre\lib\charsets.jar;C:\Program Files\Java\jdk1.6.0_26\jre\lib\modules\jdk.boot.jar;C:\Program Files\Java\jdk1.6.0_26\jre\classes"/>
    <property name="java.vendor" value="Sun Microsystems Inc."/>
    <property name="localRepository" value="C:\Users\chris\.m2\repository"/>
    <property name="file.separator" value="\"/>
    <property name="java.vendor.url.bug" value="http://java.sun.com/cgi-bin/bugreport.cgi"/>
    <property name="sun.cpu.endian" value="little"/>
    <property name="sun.io.unicode.encoding" value="UnicodeLittle"/>
    <property name="sun.desktop" value="windows"/>
    <property name="sun.cpu.isalist" value="amd64"/>
  </properties>
  <testcase time="0.002" classname="DijkstraTest" name="graphIsLegible"/>
  <testcase time="0.003" classname="DijkstraTest" name="graphSolves"/>
  <testcase time="0.139" classname="DijkstraTest" name="bulk"/>
</testsuite>